<?xml version="1.0" encoding="UTF-8"?>
<!-- Generated by org.testng.reporters.JUnitReportReporter -->
<testsuite skipped="0" hostname="bhajandevi" name="appTests.AppTest" tests="4" failures="0" timestamp="13 Oct 2021 09:32:55 GMT" time="0.063" errors="0">
  <testcase name="loginTest" time="0.001" classname="appTests.AppTest"/>
  <testcase name="loginTestWithInvalid" time="0.002" classname="appTests.AppTest"/>
  <testcase name="loginTest" time="0.057" classname="appTests.AppTest"/>
  <testcase name="loginTestWithInvalid" time="0.003" classname="appTests.AppTest"/>
</testsuite> <!-- appTests.AppTest -->
