<?xml version="1.0" encoding="UTF-8"?>
<!-- Generated by org.testng.reporters.JUnitReportReporter -->
<testsuite skipped="0" hostname="bhajandevi" name="appTests.NumberComparision" tests="1" failures="0" timestamp="13 Oct 2021 09:32:55 GMT" time="0.000" errors="0">
  <testcase name="intCamparision" time="0.000" classname="appTests.NumberComparision"/>
</testsuite> <!-- appTests.NumberComparision -->
