<?xml version="1.0" encoding="UTF-8"?>
<!-- Generated by org.testng.reporters.JUnitReportReporter -->
<testsuite skipped="0" hostname="bhajandevi" name="appTests.SeleniumDev" tests="1" failures="0" timestamp="13 Oct 2021 09:32:55 GMT" time="3.110" errors="0">
  <testcase name="titleTest" time="3.110" classname="appTests.SeleniumDev"/>
</testsuite> <!-- appTests.SeleniumDev -->
